c:\dev\git\sfml\smfl_template\x64\debug\vc143.pdb
c:\dev\git\sfml\smfl_template\x64\debug\vc143.idb
c:\dev\git\sfml\smfl_template\x64\debug\main.obj
c:\dev\git\sfml\smfl_template\x64\debug\smfl_template.ilk
c:\dev\git\sfml\x64\debug\smfl_template.pdb
c:\dev\git\sfml\smfl_template\x64\debug\smfl_template.tlog\cl.command.1.tlog
c:\dev\git\sfml\smfl_template\x64\debug\smfl_template.tlog\cl.items.tlog
c:\dev\git\sfml\smfl_template\x64\debug\smfl_template.tlog\cl.read.1.tlog
c:\dev\git\sfml\smfl_template\x64\debug\smfl_template.tlog\cl.write.1.tlog
c:\dev\git\sfml\smfl_template\x64\debug\smfl_template.tlog\link-cvtres.read.1.tlog
c:\dev\git\sfml\smfl_template\x64\debug\smfl_template.tlog\link-cvtres.write.1.tlog
c:\dev\git\sfml\smfl_template\x64\debug\smfl_template.tlog\link-rc.read.1.tlog
c:\dev\git\sfml\smfl_template\x64\debug\smfl_template.tlog\link-rc.write.1.tlog
c:\dev\git\sfml\smfl_template\x64\debug\smfl_template.tlog\link.21952-cvtres.read.1.tlog
c:\dev\git\sfml\smfl_template\x64\debug\smfl_template.tlog\link.21952-cvtres.write.1.tlog
c:\dev\git\sfml\smfl_template\x64\debug\smfl_template.tlog\link.21952-rc.read.1.tlog
c:\dev\git\sfml\smfl_template\x64\debug\smfl_template.tlog\link.21952-rc.write.1.tlog
c:\dev\git\sfml\smfl_template\x64\debug\smfl_template.tlog\link.21952.read.1.tlog
c:\dev\git\sfml\smfl_template\x64\debug\smfl_template.tlog\link.21952.read.2.tlog
c:\dev\git\sfml\smfl_template\x64\debug\smfl_template.tlog\link.21952.write.1.tlog
c:\dev\git\sfml\smfl_template\x64\debug\smfl_template.tlog\link.command.1.tlog
c:\dev\git\sfml\smfl_template\x64\debug\smfl_template.tlog\link.read.1.tlog
c:\dev\git\sfml\smfl_template\x64\debug\smfl_template.tlog\link.read.2.tlog
c:\dev\git\sfml\smfl_template\x64\debug\smfl_template.tlog\link.secondary.1.tlog
c:\dev\git\sfml\smfl_template\x64\debug\smfl_template.tlog\link.write.1.tlog
